#
# There is insufficient memory for the Java Runtime Environment to continue.
# Native memory allocation (mmap) failed to map 12582912 bytes. Error detail: G1 virtual space
# Possible reasons:
#   The system is out of physical RAM or swap space
#   This process is running with CompressedOops enabled, and the Java Heap may be blocking the growth of the native heap
# Possible solutions:
#   Reduce memory load on the system
#   Increase physical memory or swap space
#   Check if swap backing store is full
#   Decrease Java heap size (-Xmx/-Xms)
#   Decrease number of Java threads
#   Decrease Java thread stack sizes (-Xss)
#   Set larger code cache with -XX:ReservedCodeCacheSize=
#   JVM is running with Unscaled Compressed Oops mode in which the Java heap is
#     placed in the first 4GB address space. The Java Heap base address is the
#     maximum limit for the native heap growth. Please use -XX:HeapBaseMinAddress
#     to set the Java Heap base and to place the Java Heap above 4GB virtual address.
# This output file may be truncated or incomplete.
#
#  Out of Memory Error (os_windows.cpp:3828), pid=2124, tid=4036
#
# JRE version: OpenJDK Runtime Environment (21.0.4) (build 21.0.4+-12508038-b607.1)
# Java VM: OpenJDK 64-Bit Server VM (21.0.4+-12508038-b607.1, mixed mode, tiered, compressed oops, compressed class ptrs, g1 gc, windows-amd64)
# No core dump will be written. Minidumps are not enabled by default on client versions of Windows
#

---------------  S U M M A R Y ------------

Command Line: org.jetbrains.kotlin.cli.jvm.K2JVMCompiler @C:\Users\malav\AndroidStudioProjects\NewsApp\app\build\20250202_15961392496041748321.compiler.options

Host: AMD Ryzen 5 4600H with Radeon Graphics         , 12 cores, 3G,  Windows 11 , 64 bit Build 26100 (10.0.26100.3037)
Time: Sun Feb  2 19:10:40 2025 India Standard Time elapsed time: 6.309557 seconds (0d 0h 0m 6s)

---------------  T H R E A D  ---------------

Current thread (0x00000212fc35d9d0):  VMThread "VM Thread"          [id=4036, stack(0x000000e671d00000,0x000000e671e00000) (1024K)]

Stack: [0x000000e671d00000,0x000000e671e00000]
Native frames: (J=compiled Java code, j=interpreted, Vv=VM code, C=native code)
V  [jvm.dll+0x6ce539]
V  [jvm.dll+0x85bf03]
V  [jvm.dll+0x85e45e]
V  [jvm.dll+0x85eb43]
V  [jvm.dll+0x27dd06]
V  [jvm.dll+0x6cada5]
V  [jvm.dll+0x6bf27a]
V  [jvm.dll+0x3541fb]
V  [jvm.dll+0x35be36]
V  [jvm.dll+0x3adbc6]
V  [jvm.dll+0x3ade98]
V  [jvm.dll+0x32691c]
V  [jvm.dll+0x3269a7]
V  [jvm.dll+0x36c78c]
V  [jvm.dll+0x36af3e]
V  [jvm.dll+0x326071]
V  [jvm.dll+0x36a650]
V  [jvm.dll+0x8648c8]
V  [jvm.dll+0x865c44]
V  [jvm.dll+0x866180]
V  [jvm.dll+0x866413]
V  [jvm.dll+0x804418]
V  [jvm.dll+0x6cce0d]
C  [ucrtbase.dll+0x37b0]
C  [KERNEL32.DLL+0x2e8d7]
C  [ntdll.dll+0xbbf2c]

VM_Operation (0x000000e6716f9070): G1CollectForAllocation, mode: safepoint, requested by thread 0x00000212e3d0dfe0


---------------  P R O C E S S  ---------------

Threads class SMR info:
_java_thread_list=0x00000212fc7cfa80, length=11, elements={
0x00000212e3d0dfe0, 0x00000212fc60fa90, 0x00000212fc6104f0, 0x00000212fc618f40,
0x00000212fc6199a0, 0x00000212fc5fc310, 0x00000212fc5fe8f0, 0x00000212fc61be10,
0x00000212fc627b50, 0x00000212fc7ee170, 0x00000212fc7f89c0
}

Java Threads: ( => current thread )
  0x00000212e3d0dfe0 JavaThread "main"                              [_thread_blocked, id=16924, stack(0x000000e671600000,0x000000e671700000) (1024K)]
  0x00000212fc60fa90 JavaThread "Reference Handler"          daemon [_thread_blocked, id=6788, stack(0x000000e671e00000,0x000000e671f00000) (1024K)]
  0x00000212fc6104f0 JavaThread "Finalizer"                  daemon [_thread_blocked, id=9008, stack(0x000000e671f00000,0x000000e672000000) (1024K)]
  0x00000212fc618f40 JavaThread "Signal Dispatcher"          daemon [_thread_blocked, id=3308, stack(0x000000e672000000,0x000000e672100000) (1024K)]
  0x00000212fc6199a0 JavaThread "Attach Listener"            daemon [_thread_blocked, id=2960, stack(0x000000e672100000,0x000000e672200000) (1024K)]
  0x00000212fc5fc310 JavaThread "Service Thread"             daemon [_thread_blocked, id=14068, stack(0x000000e672200000,0x000000e672300000) (1024K)]
  0x00000212fc5fe8f0 JavaThread "Monitor Deflation Thread"   daemon [_thread_blocked, id=4612, stack(0x000000e672300000,0x000000e672400000) (1024K)]
  0x00000212fc61be10 JavaThread "C2 CompilerThread0"         daemon [_thread_blocked, id=10188, stack(0x000000e672400000,0x000000e672500000) (1024K)]
  0x00000212fc627b50 JavaThread "C1 CompilerThread0"         daemon [_thread_blocked, id=728, stack(0x000000e672500000,0x000000e672600000) (1024K)]
  0x00000212fc7ee170 JavaThread "Notification Thread"        daemon [_thread_blocked, id=2068, stack(0x000000e672600000,0x000000e672700000) (1024K)]
  0x00000212fc7f89c0 JavaThread "Common-Cleaner"             daemon [_thread_blocked, id=17160, stack(0x000000e672700000,0x000000e672800000) (1024K)]
Total: 11

Other Threads:
=>0x00000212fc35d9d0 VMThread "VM Thread"                           [id=4036, stack(0x000000e671d00000,0x000000e671e00000) (1024K)]
  0x00000212e604e360 WatcherThread "VM Periodic Task Thread"        [id=17996, stack(0x000000e671c00000,0x000000e671d00000) (1024K)]
  0x00000212e5fba8b0 WorkerThread "GC Thread#0"                     [id=18084, stack(0x000000e671700000,0x000000e671800000) (1024K)]
  0x00000212fcf01790 WorkerThread "GC Thread#1"                     [id=12008, stack(0x000000e672800000,0x000000e672900000) (1024K)]
  0x00000212fcf38ea0 WorkerThread "GC Thread#2"                     [id=1368, stack(0x000000e672900000,0x000000e672a00000) (1024K)]
  0x00000212fcf39240 WorkerThread "GC Thread#3"                     [id=16692, stack(0x000000e672a00000,0x000000e672b00000) (1024K)]
  0x00000212fcf395e0 WorkerThread "GC Thread#4"                     [id=17200, stack(0x000000e672b00000,0x000000e672c00000) (1024K)]
  0x00000212fcf39980 WorkerThread "GC Thread#5"                     [id=5604, stack(0x000000e672c00000,0x000000e672d00000) (1024K)]
  0x00000212fcf3a850 WorkerThread "GC Thread#6"                     [id=13628, stack(0x000000e672d00000,0x000000e672e00000) (1024K)]
  0x00000212fcf3b6d0 WorkerThread "GC Thread#7"                     [id=12444, stack(0x000000e672e00000,0x000000e672f00000) (1024K)]
  0x00000212fcf39d70 WorkerThread "GC Thread#8"                     [id=10520, stack(0x000000e672f00000,0x000000e673000000) (1024K)]
  0x00000212fcf3abf0 WorkerThread "GC Thread#9"                     [id=1272, stack(0x000000e673200000,0x000000e673300000) (1024K)]
  0x00000212e5fc2450 ConcurrentGCThread "G1 Main Marker"            [id=17796, stack(0x000000e671800000,0x000000e671900000) (1024K)]
  0x00000212e5fc45a0 WorkerThread "G1 Conc#0"                       [id=17204, stack(0x000000e671900000,0x000000e671a00000) (1024K)]
  0x00000212fcf3a110 WorkerThread "G1 Conc#1"                       [id=2808, stack(0x000000e673000000,0x000000e673100000) (1024K)]
  0x00000212fcf3a4b0 WorkerThread "G1 Conc#2"                       [id=11492, stack(0x000000e673100000,0x000000e673200000) (1024K)]
  0x00000212e603c750 ConcurrentGCThread "G1 Refine#0"               [id=17656, stack(0x000000e671a00000,0x000000e671b00000) (1024K)]
  0x00000212e603e170 ConcurrentGCThread "G1 Service"                [id=14232, stack(0x000000e671b00000,0x000000e671c00000) (1024K)]
Total: 18

Threads with active compile tasks:
C2 CompilerThread0     6452 4223       4       org.jetbrains.org.objectweb.asm.ClassReader::readMethod (1061 bytes)
C1 CompilerThread0     6452 4997       3       org.jetbrains.kotlin.descriptors.impl.ValueParameterDescriptorImpl::declaresDefaultValue (37 bytes)
Total: 2

VM state: at safepoint (normal execution)

VM Mutex/Monitor currently owned by a thread:  ([mutex/lock_event])
[0x00007ff8774572f8] Threads_lock - owner thread: 0x00000212fc35d9d0
[0x00007ff8774573f8] Heap_lock - owner thread: 0x00000212e3d0dfe0

Heap address: 0x00000000ca200000, size: 862 MB, Compressed Oops mode: 32-bit

CDS archive(s) not mapped
Compressed class space mapped at: 0x0000000100000000-0x0000000140000000, reserved size: 1073741824
Narrow klass base: 0x0000000000000000, Narrow klass shift: 3, Narrow klass range: 0x140000000

GC Precious Log:
 CardTable entry size: 512
 Card Set container configuration: InlinePtr #cards 5 size 8 Array Of Cards #cards 12 size 40 Howl #buckets 4 coarsen threshold 1843 Howl Bitmap #cards 512 size 80 coarsen threshold 460 Card regions per heap region 1 cards per card region 2048
 CPUs: 12 total, 12 available
 Memory: 3443M
 Large Page Support: Disabled
 NUMA Support: Disabled
 Compressed Oops: Enabled (32-bit)
 Heap Region Size: 1M
 Heap Min Capacity: 8M
 Heap Initial Capacity: 54M
 Heap Max Capacity: 862M
 Pre-touch: Disabled
 Parallel Workers: 10
 Concurrent Workers: 3
 Concurrent Refinement Workers: 10
 Periodic GC: Disabled

Heap:
 garbage-first heap   total 58368K, used 36910K [0x00000000ca200000, 0x0000000100000000)
  region size 1024K, 3 young (3072K), 3 survivors (3072K)
 Metaspace       used 49451K, committed 50176K, reserved 1114112K
  class space    used 5840K, committed 6208K, reserved 1048576K

Heap Regions: E=young(eden), S=young(survivor), O=old, HS=humongous(starts), HC=humongous(continues), CS=collection set, F=free, TAMS=top-at-mark-start, PB=parsable bottom
|   0|0x00000000ca200000, 0x00000000ca300000, 0x00000000ca300000|100%|HS|  |TAMS 0x00000000ca200000| PB 0x00000000ca200000| Complete 
|   1|0x00000000ca300000, 0x00000000ca400000, 0x00000000ca400000|100%|HC|  |TAMS 0x00000000ca300000| PB 0x00000000ca300000| Complete 
|   2|0x00000000ca400000, 0x00000000ca500000, 0x00000000ca500000|100%|HC|  |TAMS 0x00000000ca400000| PB 0x00000000ca400000| Complete 
|   3|0x00000000ca500000, 0x00000000ca600000, 0x00000000ca600000|100%|HC|  |TAMS 0x00000000ca500000| PB 0x00000000ca500000| Complete 
|   4|0x00000000ca600000, 0x00000000ca700000, 0x00000000ca700000|100%| O|  |TAMS 0x00000000ca600000| PB 0x00000000ca600000| Untracked 
|   5|0x00000000ca700000, 0x00000000ca800000, 0x00000000ca800000|100%| O|  |TAMS 0x00000000ca700000| PB 0x00000000ca700000| Untracked 
|   6|0x00000000ca800000, 0x00000000ca900000, 0x00000000ca900000|100%|HS|  |TAMS 0x00000000ca800000| PB 0x00000000ca800000| Complete 
|   7|0x00000000ca900000, 0x00000000caa00000, 0x00000000caa00000|100%| O|  |TAMS 0x00000000ca900000| PB 0x00000000ca900000| Untracked 
|   8|0x00000000caa00000, 0x00000000cab00000, 0x00000000cab00000|100%| O|  |TAMS 0x00000000caa00000| PB 0x00000000caa00000| Untracked 
|   9|0x00000000cab00000, 0x00000000cac00000, 0x00000000cac00000|100%| O|  |TAMS 0x00000000cab00000| PB 0x00000000cab00000| Untracked 
|  10|0x00000000cac00000, 0x00000000cad00000, 0x00000000cad00000|100%| O|  |TAMS 0x00000000cac00000| PB 0x00000000cac00000| Untracked 
|  11|0x00000000cad00000, 0x00000000cae00000, 0x00000000cae00000|100%| O|  |TAMS 0x00000000cad00000| PB 0x00000000cad00000| Untracked 
|  12|0x00000000cae00000, 0x00000000caf00000, 0x00000000caf00000|100%| O|  |TAMS 0x00000000cae00000| PB 0x00000000cae00000| Untracked 
|  13|0x00000000caf00000, 0x00000000cb000000, 0x00000000cb000000|100%| O|  |TAMS 0x00000000caf00000| PB 0x00000000caf00000| Untracked 
|  14|0x00000000cb000000, 0x00000000cb100000, 0x00000000cb100000|100%| O|  |TAMS 0x00000000cb000000| PB 0x00000000cb000000| Untracked 
|  15|0x00000000cb100000, 0x00000000cb200000, 0x00000000cb200000|100%| O|  |TAMS 0x00000000cb100000| PB 0x00000000cb100000| Untracked 
|  16|0x00000000cb200000, 0x00000000cb300000, 0x00000000cb300000|100%| O|  |TAMS 0x00000000cb200000| PB 0x00000000cb200000| Untracked 
|  17|0x00000000cb300000, 0x00000000cb400000, 0x00000000cb400000|100%| O|  |TAMS 0x00000000cb300000| PB 0x00000000cb300000| Untracked 
|  18|0x00000000cb400000, 0x00000000cb500000, 0x00000000cb500000|100%|HS|  |TAMS 0x00000000cb400000| PB 0x00000000cb400000| Complete 
|  19|0x00000000cb500000, 0x00000000cb600000, 0x00000000cb600000|100%|HC|  |TAMS 0x00000000cb500000| PB 0x00000000cb500000| Complete 
|  20|0x00000000cb600000, 0x00000000cb700000, 0x00000000cb700000|100%| O|  |TAMS 0x00000000cb600000| PB 0x00000000cb600000| Untracked 
|  21|0x00000000cb700000, 0x00000000cb800000, 0x00000000cb800000|100%| O|  |TAMS 0x00000000cb700000| PB 0x00000000cb700000| Untracked 
|  22|0x00000000cb800000, 0x00000000cb900000, 0x00000000cb900000|100%| O|  |TAMS 0x00000000cb800000| PB 0x00000000cb800000| Untracked 
|  23|0x00000000cb900000, 0x00000000cba00000, 0x00000000cba00000|100%| O|  |TAMS 0x00000000cb900000| PB 0x00000000cb900000| Untracked 
|  24|0x00000000cba00000, 0x00000000cbb00000, 0x00000000cbb00000|100%| O|  |TAMS 0x00000000cba00000| PB 0x00000000cba00000| Untracked 
|  25|0x00000000cbb00000, 0x00000000cbc00000, 0x00000000cbc00000|100%| O|  |TAMS 0x00000000cbb00000| PB 0x00000000cbb00000| Untracked 
|  26|0x00000000cbc00000, 0x00000000cbd00000, 0x00000000cbd00000|100%| O|  |TAMS 0x00000000cbc00000| PB 0x00000000cbc00000| Untracked 
|  27|0x00000000cbd00000, 0x00000000cbe00000, 0x00000000cbe00000|100%| O|  |TAMS 0x00000000cbd00000| PB 0x00000000cbd00000| Untracked 
|  28|0x00000000cbe00000, 0x00000000cbf00000, 0x00000000cbf00000|100%| O|  |TAMS 0x00000000cbe00000| PB 0x00000000cbe00000| Untracked 
|  29|0x00000000cbf00000, 0x00000000cc000000, 0x00000000cc000000|100%| O|  |TAMS 0x00000000cbf00000| PB 0x00000000cbf00000| Untracked 
|  30|0x00000000cc000000, 0x00000000cc000000, 0x00000000cc100000|  0%| F|  |TAMS 0x00000000cc000000| PB 0x00000000cc000000| Untracked 
|  31|0x00000000cc100000, 0x00000000cc200000, 0x00000000cc200000|100%| O|  |TAMS 0x00000000cc100000| PB 0x00000000cc100000| Untracked 
|  32|0x00000000cc200000, 0x00000000cc215b80, 0x00000000cc300000|  8%| O|  |TAMS 0x00000000cc200000| PB 0x00000000cc200000| Untracked 
|  33|0x00000000cc300000, 0x00000000cc300000, 0x00000000cc400000|  0%| F|  |TAMS 0x00000000cc300000| PB 0x00000000cc300000| Untracked 
|  34|0x00000000cc400000, 0x00000000cc400000, 0x00000000cc500000|  0%| F|  |TAMS 0x00000000cc400000| PB 0x00000000cc400000| Untracked 
|  35|0x00000000cc500000, 0x00000000cc5f6030, 0x00000000cc600000| 96%| S|CS|TAMS 0x00000000cc500000| PB 0x00000000cc500000| Complete 
|  36|0x00000000cc600000, 0x00000000cc700000, 0x00000000cc700000|100%| S|CS|TAMS 0x00000000cc600000| PB 0x00000000cc600000| Complete 
|  37|0x00000000cc700000, 0x00000000cc800000, 0x00000000cc800000|100%| S|CS|TAMS 0x00000000cc700000| PB 0x00000000cc700000| Complete 
|  38|0x00000000cc800000, 0x00000000cc800000, 0x00000000cc900000|  0%| F|  |TAMS 0x00000000cc800000| PB 0x00000000cc800000| Untracked 
|  39|0x00000000cc900000, 0x00000000cc900000, 0x00000000cca00000|  0%| F|  |TAMS 0x00000000cc900000| PB 0x00000000cc900000| Untracked 
|  40|0x00000000cca00000, 0x00000000cca00000, 0x00000000ccb00000|  0%| F|  |TAMS 0x00000000cca00000| PB 0x00000000cca00000| Untracked 
|  41|0x00000000ccb00000, 0x00000000ccb00000, 0x00000000ccc00000|  0%| F|  |TAMS 0x00000000ccb00000| PB 0x00000000ccb00000| Untracked 
|  42|0x00000000ccc00000, 0x00000000ccc00000, 0x00000000ccd00000|  0%| F|  |TAMS 0x00000000ccc00000| PB 0x00000000ccc00000| Untracked 
|  43|0x00000000ccd00000, 0x00000000ccd00000, 0x00000000cce00000|  0%| F|  |TAMS 0x00000000ccd00000| PB 0x00000000ccd00000| Untracked 
|  44|0x00000000cce00000, 0x00000000cce00000, 0x00000000ccf00000|  0%| F|  |TAMS 0x00000000cce00000| PB 0x00000000cce00000| Untracked 
|  45|0x00000000ccf00000, 0x00000000ccf00000, 0x00000000cd000000|  0%| F|  |TAMS 0x00000000ccf00000| PB 0x00000000ccf00000| Untracked 
|  46|0x00000000cd000000, 0x00000000cd000000, 0x00000000cd100000|  0%| F|  |TAMS 0x00000000cd000000| PB 0x00000000cd000000| Untracked 
|  47|0x00000000cd100000, 0x00000000cd100000, 0x00000000cd200000|  0%| F|  |TAMS 0x00000000cd100000| PB 0x00000000cd100000| Untracked 
|  48|0x00000000cd200000, 0x00000000cd200000, 0x00000000cd300000|  0%| F|  |TAMS 0x00000000cd200000| PB 0x00000000cd200000| Untracked 
|  49|0x00000000cd300000, 0x00000000cd300000, 0x00000000cd400000|  0%| F|  |TAMS 0x00000000cd300000| PB 0x00000000cd300000| Untracked 
|  50|0x00000000cd400000, 0x00000000cd400000, 0x00000000cd500000|  0%| F|  |TAMS 0x00000000cd400000| PB 0x00000000cd400000| Untracked 
|  51|0x00000000cd500000, 0x00000000cd500000, 0x00000000cd600000|  0%| F|  |TAMS 0x00000000cd500000| PB 0x00000000cd500000| Untracked 
|  52|0x00000000cd600000, 0x00000000cd600000, 0x00000000cd700000|  0%| F|  |TAMS 0x00000000cd600000| PB 0x00000000cd600000| Untracked 
|  53|0x00000000cd700000, 0x00000000cd700000, 0x00000000cd800000|  0%| F|  |TAMS 0x00000000cd700000| PB 0x00000000cd700000| Untracked 
|  54|0x00000000cd800000, 0x00000000cd800000, 0x00000000cd900000|  0%| F|  |TAMS 0x00000000cd800000| PB 0x00000000cd800000| Untracked 
| 860|0x00000000ffe00000, 0x00000000fff00000, 0x00000000fff00000|100%| O|  |TAMS 0x00000000ffe00000| PB 0x00000000ffe00000| Untracked 
| 861|0x00000000fff00000, 0x0000000100000000, 0x0000000100000000|100%| O|  |TAMS 0x00000000fff00000| PB 0x00000000fff00000| Untracked 

Card table byte_map: [0x00000212f87e0000,0x00000212f8990000] _byte_map_base: 0x00000212f818f000

Marking Bits: (CMBitMap*) 0x00000212e5fbafb0
 Bits: [0x00000212f8990000, 0x00000212f9708000)

Polling page: 0x00000212e3eb0000

Metaspace:

Usage:
  Non-class:     42.59 MB used.
      Class:      5.70 MB used.
       Both:     48.29 MB used.

Virtual space:
  Non-class space:       64.00 MB reserved,      42.94 MB ( 67%) committed,  1 nodes.
      Class space:        1.00 GB reserved,       6.06 MB ( <1%) committed,  1 nodes.
             Both:        1.06 GB reserved,      49.00 MB (  5%) committed. 

Chunk freelists:
   Non-Class:  4.94 MB
       Class:  9.84 MB
        Both:  14.78 MB

MaxMetaspaceSize: unlimited
CompressedClassSpaceSize: 1.00 GB
Initial GC threshold: 21.00 MB
Current GC threshold: 77.00 MB
CDS: off
 - commit_granule_bytes: 65536.
 - commit_granule_words: 8192.
 - virtual_space_node_default_size: 8388608.
 - enlarge_chunks_in_place: 1.
 - use_allocation_guard: 0.


Internal statistics:

num_allocs_failed_limit: 6.
num_arena_births: 1200.
num_arena_deaths: 0.
num_vsnodes_births: 2.
num_vsnodes_deaths: 0.
num_space_committed: 782.
num_space_uncommitted: 0.
num_chunks_returned_to_freelist: 6.
num_chunks_taken_from_freelist: 2818.
num_chunk_merges: 6.
num_chunk_splits: 2094.
num_chunks_enlarged: 1551.
num_inconsistent_stats: 0.

CodeHeap 'non-profiled nmethods': size=120000Kb used=1622Kb max_used=1622Kb free=118377Kb
 bounds [0x00000212f0ba0000, 0x00000212f0e10000, 0x00000212f80d0000]
CodeHeap 'profiled nmethods': size=120000Kb used=9093Kb max_used=9093Kb free=110906Kb
 bounds [0x00000212e90d0000, 0x00000212e99c0000, 0x00000212f0600000]
CodeHeap 'non-nmethods': size=5760Kb used=1534Kb max_used=1586Kb free=4226Kb
 bounds [0x00000212f0600000, 0x00000212f0870000, 0x00000212f0ba0000]
 total_blobs=5071 nmethods=4460 adapters=515
 compilation: enabled
              stopped_count=0, restarted_count=0
 full_count=0

Compilation events (20 events):
Event: 5.277 Thread 0x00000212fc627b50 nmethod 4974 0x00000212e99a9110 code [0x00000212e99a9360, 0x00000212e99a99b0]
Event: 5.277 Thread 0x00000212fc627b50 4980       3       org.jetbrains.kotlin.utils.SmartList::iterator (49 bytes)
Event: 5.277 Thread 0x00000212fc627b50 nmethod 4980 0x00000212e99a9d90 code [0x00000212e99a9f80, 0x00000212e99aa5e8]
Event: 5.277 Thread 0x00000212fc627b50 4975       2       org.jetbrains.kotlin.load.java.structure.impl.classFiles.ClassifierResolutionContext$Result::<init> (21 bytes)
Event: 5.278 Thread 0x00000212fc627b50 nmethod 4975 0x00000212e99aa810 code [0x00000212e99aaa00, 0x00000212e99aad88]
Event: 5.278 Thread 0x00000212fc627b50 4981       2       org.jetbrains.kotlin.resolve.jvm.kotlinSignature.SignaturePropagationUtilKt::containsVarargs (105 bytes)
Event: 5.278 Thread 0x00000212fc627b50 nmethod 4981 0x00000212e99aaf90 code [0x00000212e99ab1e0, 0x00000212e99ab7f0]
Event: 5.278 Thread 0x00000212fc627b50 4978       2       org.jetbrains.kotlin.load.java.structure.impl.classFiles.ClassifierResolutionContext::resolveClass (34 bytes)
Event: 5.278 Thread 0x00000212fc627b50 nmethod 4978 0x00000212e99abb90 code [0x00000212e99abde0, 0x00000212e99ac358]
Event: 5.278 Thread 0x00000212fc627b50 4987       3       org.jetbrains.kotlin.types.checker.ClassicTypeSystemContext$DefaultImpls::isMarkedNullable (75 bytes)
Event: 5.279 Thread 0x00000212fc627b50 nmethod 4987 0x00000212e99ac690 code [0x00000212e99aca00, 0x00000212e99adce0]
Event: 5.279 Thread 0x00000212fc627b50 4993       3       org.jetbrains.kotlin.load.java.typeEnhancement.SignatureParts::getTypeSystem (8 bytes)
Event: 5.279 Thread 0x00000212fc627b50 nmethod 4993 0x00000212e99ae410 code [0x00000212e99ae5a0, 0x00000212e99ae710]
Event: 5.279 Thread 0x00000212fc627b50 4992       2       org.jetbrains.kotlin.load.java.structure.JavaElementsKt$buildLazyValueForMap$1::invoke (128 bytes)
Event: 5.280 Thread 0x00000212fc627b50 nmethod 4992 0x00000212e99ae810 code [0x00000212e99aeae0, 0x00000212e99af1f8]
Event: 5.280 Thread 0x00000212fc627b50 4994       3       org.jetbrains.kotlin.load.java.typeEnhancement.TypeEnhancementUtilsKt::select (105 bytes)
Event: 5.280 Thread 0x00000212fc627b50 nmethod 4994 0x00000212e99af710 code [0x00000212e99af980, 0x00000212e99b04a8]
Event: 5.280 Thread 0x00000212fc627b50 4996       3       kotlin.collections.ArraysKt___ArraysKt::asSequence (35 bytes)
Event: 5.281 Thread 0x00000212fc627b50 nmethod 4996 0x00000212e99b0790 code [0x00000212e99b09e0, 0x00000212e99b11e0]
Event: 5.281 Thread 0x00000212fc627b50 4997       3       org.jetbrains.kotlin.descriptors.impl.ValueParameterDescriptorImpl::declaresDefaultValue (37 bytes)

GC Heap History (20 events):
Event: 2.395 GC heap after
{Heap after GC invocations=6 (full 0):
 garbage-first heap   total 35840K, used 16785K [0x00000000ca200000, 0x0000000100000000)
  region size 1024K, 2 young (2048K), 2 survivors (2048K)
 Metaspace       used 31190K, committed 31488K, reserved 1114112K
  class space    used 3883K, committed 4032K, reserved 1048576K
}
Event: 2.623 GC heap before
{Heap before GC invocations=6 (full 0):
 garbage-first heap   total 35840K, used 29073K [0x00000000ca200000, 0x0000000100000000)
  region size 1024K, 14 young (14336K), 2 survivors (2048K)
 Metaspace       used 33803K, committed 34048K, reserved 1114112K
  class space    used 4155K, committed 4288K, reserved 1048576K
}
Event: 2.629 GC heap after
{Heap after GC invocations=7 (full 0):
 garbage-first heap   total 35840K, used 18436K [0x00000000ca200000, 0x0000000100000000)
  region size 1024K, 2 young (2048K), 2 survivors (2048K)
 Metaspace       used 33803K, committed 34048K, reserved 1114112K
  class space    used 4155K, committed 4288K, reserved 1048576K
}
Event: 2.779 GC heap before
{Heap before GC invocations=7 (full 0):
 garbage-first heap   total 35840K, used 25604K [0x00000000ca200000, 0x0000000100000000)
  region size 1024K, 11 young (11264K), 2 survivors (2048K)
 Metaspace       used 35772K, committed 35968K, reserved 1114112K
  class space    used 4298K, committed 4416K, reserved 1048576K
}
Event: 2.784 GC heap after
{Heap after GC invocations=8 (full 0):
 garbage-first heap   total 44032K, used 19127K [0x00000000ca200000, 0x0000000100000000)
  region size 1024K, 1 young (1024K), 1 survivors (1024K)
 Metaspace       used 35772K, committed 35968K, reserved 1114112K
  class space    used 4298K, committed 4416K, reserved 1048576K
}
Event: 3.121 GC heap before
{Heap before GC invocations=9 (full 0):
 garbage-first heap   total 44032K, used 35511K [0x00000000ca200000, 0x0000000100000000)
  region size 1024K, 18 young (18432K), 1 survivors (1024K)
 Metaspace       used 38530K, committed 39168K, reserved 1114112K
  class space    used 4666K, committed 4992K, reserved 1048576K
}
Event: 3.126 GC heap after
{Heap after GC invocations=10 (full 0):
 garbage-first heap   total 44032K, used 20708K [0x00000000ca200000, 0x0000000100000000)
  region size 1024K, 3 young (3072K), 3 survivors (3072K)
 Metaspace       used 38530K, committed 39168K, reserved 1114112K
  class space    used 4666K, committed 4992K, reserved 1048576K
}
Event: 3.540 GC heap before
{Heap before GC invocations=10 (full 0):
 garbage-first heap   total 44032K, used 38116K [0x00000000ca200000, 0x0000000100000000)
  region size 1024K, 19 young (19456K), 3 survivors (3072K)
 Metaspace       used 42472K, committed 43200K, reserved 1114112K
  class space    used 5159K, committed 5568K, reserved 1048576K
}
Event: 3.549 GC heap after
{Heap after GC invocations=11 (full 0):
 garbage-first heap   total 45056K, used 23904K [0x00000000ca200000, 0x0000000100000000)
  region size 1024K, 3 young (3072K), 3 survivors (3072K)
 Metaspace       used 42472K, committed 43200K, reserved 1114112K
  class space    used 5159K, committed 5568K, reserved 1048576K
}
Event: 4.012 GC heap before
{Heap before GC invocations=11 (full 0):
 garbage-first heap   total 45056K, used 37216K [0x00000000ca200000, 0x0000000100000000)
  region size 1024K, 17 young (17408K), 3 survivors (3072K)
 Metaspace       used 44404K, committed 45184K, reserved 1114112K
  class space    used 5363K, committed 5760K, reserved 1048576K
}
Event: 4.022 GC heap after
{Heap after GC invocations=12 (full 0):
 garbage-first heap   total 45056K, used 26154K [0x00000000ca200000, 0x0000000100000000)
  region size 1024K, 3 young (3072K), 3 survivors (3072K)
 Metaspace       used 44404K, committed 45184K, reserved 1114112K
  class space    used 5363K, committed 5760K, reserved 1048576K
}
Event: 4.303 GC heap before
{Heap before GC invocations=13 (full 0):
 garbage-first heap   total 45056K, used 38442K [0x00000000ca200000, 0x0000000100000000)
  region size 1024K, 15 young (15360K), 3 survivors (3072K)
 Metaspace       used 45478K, committed 46208K, reserved 1114112K
  class space    used 5471K, committed 5824K, reserved 1048576K
}
Event: 4.312 GC heap after
{Heap after GC invocations=14 (full 0):
 garbage-first heap   total 54272K, used 29033K [0x00000000ca200000, 0x0000000100000000)
  region size 1024K, 2 young (2048K), 2 survivors (2048K)
 Metaspace       used 45478K, committed 46208K, reserved 1114112K
  class space    used 5471K, committed 5824K, reserved 1048576K
}
Event: 4.551 GC heap before
{Heap before GC invocations=14 (full 0):
 garbage-first heap   total 54272K, used 46441K [0x00000000ca200000, 0x0000000100000000)
  region size 1024K, 18 young (18432K), 2 survivors (2048K)
 Metaspace       used 46491K, committed 47232K, reserved 1114112K
  class space    used 5588K, committed 5952K, reserved 1048576K
}
Event: 4.561 GC heap after
{Heap after GC invocations=15 (full 0):
 garbage-first heap   total 54272K, used 32768K [0x00000000ca200000, 0x0000000100000000)
  region size 1024K, 3 young (3072K), 3 survivors (3072K)
 Metaspace       used 46491K, committed 47232K, reserved 1114112K
  class space    used 5588K, committed 5952K, reserved 1048576K
}
Event: 4.602 GC heap before
{Heap before GC invocations=15 (full 0):
 garbage-first heap   total 54272K, used 46080K [0x00000000ca200000, 0x0000000100000000)
  region size 1024K, 16 young (16384K), 3 survivors (3072K)
 Metaspace       used 46526K, committed 47232K, reserved 1114112K
  class space    used 5588K, committed 5952K, reserved 1048576K
}
Event: 4.607 GC heap after
{Heap after GC invocations=16 (full 0):
 garbage-first heap   total 54272K, used 33997K [0x00000000ca200000, 0x0000000100000000)
  region size 1024K, 2 young (2048K), 2 survivors (2048K)
 Metaspace       used 46526K, committed 47232K, reserved 1114112K
  class space    used 5588K, committed 5952K, reserved 1048576K
}
Event: 4.927 GC heap before
{Heap before GC invocations=17 (full 0):
 garbage-first heap   total 58368K, used 46285K [0x00000000ca200000, 0x0000000100000000)
  region size 1024K, 14 young (14336K), 2 survivors (2048K)
 Metaspace       used 48498K, committed 49280K, reserved 1114112K
  class space    used 5818K, committed 6208K, reserved 1048576K
}
Event: 4.931 GC heap after
{Heap after GC invocations=18 (full 0):
 garbage-first heap   total 58368K, used 34704K [0x00000000ca200000, 0x0000000100000000)
  region size 1024K, 2 young (2048K), 2 survivors (2048K)
 Metaspace       used 48498K, committed 49280K, reserved 1114112K
  class space    used 5818K, committed 6208K, reserved 1048576K
}
Event: 5.281 GC heap before
{Heap before GC invocations=18 (full 0):
 garbage-first heap   total 58368K, used 50064K [0x00000000ca200000, 0x0000000100000000)
  region size 1024K, 17 young (17408K), 2 survivors (2048K)
 Metaspace       used 49451K, committed 50176K, reserved 1114112K
  class space    used 5840K, committed 6208K, reserved 1048576K
}

Dll operation events (3 events):
Event: 0.018 Loaded shared library C:\Program Files\Android\Android Studio1\jbr\bin\java.dll
Event: 0.023 Loaded shared library C:\Program Files\Android\Android Studio1\jbr\bin\zip.dll
Event: 1.327 Loaded shared library C:\Program Files\Android\Android Studio1\jbr\bin\verify.dll

Deoptimization events (20 events):
Event: 4.682 Thread 0x00000212e3d0dfe0 Uncommon trap: trap_request=0xffffffc6 fr.pc=0x00000212f0ce2f44 relative=0x0000000000001684
Event: 4.682 Thread 0x00000212e3d0dfe0 Uncommon trap: reason=bimorphic_or_optimized_type_check action=maybe_recompile pc=0x00000212f0ce2f44 method=java.util.HashMap.putVal(ILjava/lang/Object;Ljava/lang/Object;ZZ)Ljava/lang/Object; @ 91 c2
Event: 4.682 Thread 0x00000212e3d0dfe0 DEOPT PACKING pc=0x00000212f0ce2f44 sp=0x000000e6716fc970
Event: 4.682 Thread 0x00000212e3d0dfe0 DEOPT UNPACKING pc=0x00000212f06546a2 sp=0x000000e6716fc818 mode 2
Event: 4.682 Thread 0x00000212e3d0dfe0 Uncommon trap: trap_request=0xffffffc6 fr.pc=0x00000212f0ce2f44 relative=0x0000000000001684
Event: 4.682 Thread 0x00000212e3d0dfe0 Uncommon trap: reason=bimorphic_or_optimized_type_check action=maybe_recompile pc=0x00000212f0ce2f44 method=java.util.HashMap.putVal(ILjava/lang/Object;Ljava/lang/Object;ZZ)Ljava/lang/Object; @ 91 c2
Event: 4.682 Thread 0x00000212e3d0dfe0 DEOPT PACKING pc=0x00000212f0ce2f44 sp=0x000000e6716fc970
Event: 4.682 Thread 0x00000212e3d0dfe0 DEOPT UNPACKING pc=0x00000212f06546a2 sp=0x000000e6716fc818 mode 2
Event: 4.682 Thread 0x00000212e3d0dfe0 Uncommon trap: trap_request=0xffffffc6 fr.pc=0x00000212f0cba514 relative=0x0000000000000934
Event: 4.682 Thread 0x00000212e3d0dfe0 Uncommon trap: reason=bimorphic_or_optimized_type_check action=maybe_recompile pc=0x00000212f0cba514 method=java.util.HashMap.putVal(ILjava/lang/Object;Ljava/lang/Object;ZZ)Ljava/lang/Object; @ 91 c2
Event: 4.682 Thread 0x00000212e3d0dfe0 DEOPT PACKING pc=0x00000212f0cba514 sp=0x000000e6716fc8f0
Event: 4.682 Thread 0x00000212e3d0dfe0 DEOPT UNPACKING pc=0x00000212f06546a2 sp=0x000000e6716fc828 mode 2
Event: 4.908 Thread 0x00000212e3d0dfe0 DEOPT PACKING pc=0x00000212e979eea4 sp=0x000000e6716fb680
Event: 4.908 Thread 0x00000212e3d0dfe0 DEOPT UNPACKING pc=0x00000212f0654e42 sp=0x000000e6716faba0 mode 0
Event: 4.911 Thread 0x00000212e3d0dfe0 DEOPT PACKING pc=0x00000212f0d0f3c0 sp=0x000000e6716fb650
Event: 4.911 Thread 0x00000212e3d0dfe0 DEOPT UNPACKING pc=0x00000212f0654e42 sp=0x000000e6716fab80 mode 0
Event: 5.009 Thread 0x00000212e3d0dfe0 DEOPT PACKING pc=0x00000212e972e400 sp=0x000000e6716fb4a0
Event: 5.009 Thread 0x00000212e3d0dfe0 DEOPT UNPACKING pc=0x00000212f0654e42 sp=0x000000e6716fa978 mode 0
Event: 5.087 Thread 0x00000212e3d0dfe0 DEOPT PACKING pc=0x00000212e95d1b87 sp=0x000000e6716fcc40
Event: 5.087 Thread 0x00000212e3d0dfe0 DEOPT UNPACKING pc=0x00000212f0654e42 sp=0x000000e6716fc0f8 mode 0

Classes loaded (20 events):
Event: 4.658 Loading class java/util/stream/ReduceOps$ReduceOp done
Event: 4.658 Loading class java/util/stream/ReduceOps$3 done
Event: 4.658 Loading class java/util/stream/ReduceOps$3ReducingSink
Event: 4.658 Loading class java/util/stream/ReduceOps$AccumulatingSink
Event: 4.658 Loading class java/util/stream/ReduceOps$AccumulatingSink done
Event: 4.658 Loading class java/util/stream/ReduceOps$Box
Event: 4.658 Loading class java/util/stream/ReduceOps$Box done
Event: 4.658 Loading class java/util/stream/ReduceOps$3ReducingSink done
Event: 4.658 Loading class java/util/stream/ReferencePipeline$2$1
Event: 4.658 Loading class java/util/stream/ReferencePipeline$2$1 done
Event: 4.658 Loading class java/util/stream/IntPipeline$1$1
Event: 4.658 Loading class java/util/stream/Sink$ChainedInt
Event: 4.658 Loading class java/util/stream/Sink$OfInt
Event: 4.658 Loading class java/util/function/IntConsumer
Event: 4.658 Loading class java/util/function/IntConsumer done
Event: 4.658 Loading class java/util/stream/Sink$OfInt done
Event: 4.658 Loading class java/util/stream/Sink$ChainedInt done
Event: 4.658 Loading class java/util/stream/IntPipeline$1$1 done
Event: 4.985 Loading class java/util/RegularEnumSet$EnumSetIterator
Event: 4.985 Loading class java/util/RegularEnumSet$EnumSetIterator done

Classes unloaded (0 events):
No events

Classes redefined (0 events):
No events

Internal exceptions (20 events):
Event: 3.144 Thread 0x00000212e3d0dfe0 Exception <a 'java/lang/NoSuchMethodError'{0x00000000cd7ce090}: 'java.lang.Object java.lang.invoke.DirectMethodHandle$Holder.invokeSpecial(java.lang.Object, java.lang.Object, java.lang.Object, java.lang.Object, java.lang.Object, java.lang.Object, java.lang.Object, java.lang.Object, java.lang.Object, java.lang.Object, java.lang.Object, java.lang.Object, java.lang.Object, java.lang.Object, java.lang.Object, java.lang.Object, java.lang.Object)'> (0x00000000cd7ce090) 
thrown [s\src\hotspot\share\interpreter\li
Event: 3.144 Thread 0x00000212e3d0dfe0 Exception <a 'java/lang/NoSuchMethodError'{0x00000000cd7d2a20}: 'java.lang.Object java.lang.invoke.DelegatingMethodHandle$Holder.reinvoke_L(java.lang.Object, java.lang.Object, java.lang.Object, java.lang.Object, java.lang.Object, java.lang.Object, java.lang.Object, java.lang.Object, java.lang.Object, java.lang.Object, java.lang.Object, java.lang.Object, java.lang.Object, java.lang.Object, java.lang.Object, java.lang.Object)'> (0x00000000cd7d2a20) 
thrown [s\src\hotspot\share\interpreter\linkResolver.cpp, l
Event: 3.153 Thread 0x00000212e3d0dfe0 Exception <a 'java/lang/NoSuchMethodError'{0x00000000cca5d2d0}: 'java.lang.Object java.lang.invoke.DirectMethodHandle$Holder.newInvokeSpecial(java.lang.Object, java.lang.Object, java.lang.Object, java.lang.Object, java.lang.Object, java.lang.Object, java.lang.Object, java.lang.Object, java.lang.Object, java.lang.Object, java.lang.Object, java.lang.Object, java.lang.Object, java.lang.Object, java.lang.Object, java.lang.Object, java.lang.Object, java.lang.Object)'> (0x00000000cca5d2d0) 
thrown [s\src\hotspot
Event: 3.153 Thread 0x00000212e3d0dfe0 Exception <a 'java/lang/NoSuchMethodError'{0x00000000cca62f00}: 'java.lang.Object java.lang.invoke.DirectMethodHandle$Holder.invokeSpecial(java.lang.Object, java.lang.Object, java.lang.Object, java.lang.Object, java.lang.Object, java.lang.Object, java.lang.Object, java.lang.Object, java.lang.Object, java.lang.Object, java.lang.Object, java.lang.Object, java.lang.Object, java.lang.Object, java.lang.Object, java.lang.Object, java.lang.Object, java.lang.Object, java.lang.Object)'> (0x00000000cca62f00) 
thrown
Event: 3.153 Thread 0x00000212e3d0dfe0 Exception <a 'java/lang/NoSuchMethodError'{0x00000000cca67b78}: 'java.lang.Object java.lang.invoke.DelegatingMethodHandle$Holder.reinvoke_L(java.lang.Object, java.lang.Object, java.lang.Object, java.lang.Object, java.lang.Object, java.lang.Object, java.lang.Object, java.lang.Object, java.lang.Object, java.lang.Object, java.lang.Object, java.lang.Object, java.lang.Object, java.lang.Object, java.lang.Object, java.lang.Object, java.lang.Object, java.lang.Object)'> (0x00000000cca67b78) 
thrown [s\src\hotspot\s
Event: 3.161 Thread 0x00000212e3d0dfe0 Exception <a 'java/lang/NoSuchMethodError'{0x00000000ccaf0298}: 'java.lang.Object java.lang.invoke.DirectMethodHandle$Holder.newInvokeSpecial(java.lang.Object, java.lang.Object, java.lang.Object, java.lang.Object, java.lang.Object, java.lang.Object, java.lang.Object, java.lang.Object, java.lang.Object, java.lang.Object, java.lang.Object, java.lang.Object, java.lang.Object, java.lang.Object, java.lang.Object, java.lang.Object, java.lang.Object, java.lang.Object, java.lang.Object, java.lang.Object, java.lang
Event: 3.161 Thread 0x00000212e3d0dfe0 Exception <a 'java/lang/NoSuchMethodError'{0x00000000ccaf72d8}: 'java.lang.Object java.lang.invoke.DirectMethodHandle$Holder.invokeSpecial(java.lang.Object, java.lang.Object, java.lang.Object, java.lang.Object, java.lang.Object, java.lang.Object, java.lang.Object, java.lang.Object, java.lang.Object, java.lang.Object, java.lang.Object, java.lang.Object, java.lang.Object, java.lang.Object, java.lang.Object, java.lang.Object, java.lang.Object, java.lang.Object, java.lang.Object, java.lang.Object, java.lang.Ob
Event: 3.161 Thread 0x00000212e3d0dfe0 Exception <a 'java/lang/NoSuchMethodError'{0x00000000ccafca50}: 'java.lang.Object java.lang.invoke.DelegatingMethodHandle$Holder.reinvoke_L(java.lang.Object, java.lang.Object, java.lang.Object, java.lang.Object, java.lang.Object, java.lang.Object, java.lang.Object, java.lang.Object, java.lang.Object, java.lang.Object, java.lang.Object, java.lang.Object, java.lang.Object, java.lang.Object, java.lang.Object, java.lang.Object, java.lang.Object, java.lang.Object, java.lang.Object, java.lang.Object, java.lang.O
Event: 3.167 Thread 0x00000212e3d0dfe0 Exception <a 'java/lang/NoSuchMethodError'{0x00000000cc9cb210}: 'java.lang.Object java.lang.invoke.DirectMethodHandle$Holder.invokeStatic(java.lang.Object, java.lang.Object, java.lang.Object, java.lang.Object, java.lang.Object, java.lang.Object, java.lang.Object, java.lang.Object, java.lang.Object, java.lang.Object, java.lang.Object, java.lang.Object, java.lang.Object, java.lang.Object, java.lang.Object, java.lang.Object, java.lang.Object, java.lang.Object, java.lang.Object, java.lang.Object, java.lang.Obj
Event: 3.169 Thread 0x00000212e3d0dfe0 Exception <a 'java/lang/NoSuchMethodError'{0x00000000cc9fdc70}: 'java.lang.Object java.lang.invoke.DirectMethodHandle$Holder.invokeStatic(java.lang.Object, java.lang.Object, java.lang.Object, java.lang.Object, java.lang.Object, java.lang.Object, java.lang.Object, java.lang.Object, java.lang.Object, java.lang.Object, java.lang.Object, java.lang.Object, java.lang.Object, java.lang.Object, java.lang.Object, java.lang.Object, java.lang.Object, java.lang.Object, java.lang.Object, java.lang.Object, java.lang.Obj
Event: 3.179 Thread 0x00000212e3d0dfe0 Exception <a 'java/lang/NoSuchMethodError'{0x00000000cc873e10}: 'java.lang.Object java.lang.invoke.DirectMethodHandle$Holder.newInvokeSpecial(java.lang.Object, java.lang.Object, java.lang.Object, java.lang.Object, java.lang.Object, java.lang.Object, java.lang.Object, java.lang.Object, java.lang.Object, java.lang.Object, java.lang.Object, java.lang.Object, java.lang.Object)'> (0x00000000cc873e10) 
thrown [s\src\hotspot\share\interpreter\linkResolver.cpp, line 784]
Event: 3.179 Thread 0x00000212e3d0dfe0 Exception <a 'java/lang/NoSuchMethodError'{0x00000000cc878e20}: 'java.lang.Object java.lang.invoke.DirectMethodHandle$Holder.invokeSpecial(java.lang.Object, java.lang.Object, java.lang.Object, java.lang.Object, java.lang.Object, java.lang.Object, java.lang.Object, java.lang.Object, java.lang.Object, java.lang.Object, java.lang.Object, java.lang.Object, java.lang.Object, java.lang.Object)'> (0x00000000cc878e20) 
thrown [s\src\hotspot\share\interpreter\linkResolver.cpp, line 784]
Event: 3.179 Thread 0x00000212e3d0dfe0 Exception <a 'java/lang/NoSuchMethodError'{0x00000000cc87d370}: 'java.lang.Object java.lang.invoke.DelegatingMethodHandle$Holder.reinvoke_L(java.lang.Object, java.lang.Object, java.lang.Object, java.lang.Object, java.lang.Object, java.lang.Object, java.lang.Object, java.lang.Object, java.lang.Object, java.lang.Object, java.lang.Object, java.lang.Object, java.lang.Object)'> (0x00000000cc87d370) 
thrown [s\src\hotspot\share\interpreter\linkResolver.cpp, line 784]
Event: 3.352 Thread 0x00000212e3d0dfe0 Exception <a 'java/lang/NoSuchMethodError'{0x00000000cc1eac88}: 'java.lang.Object java.lang.invoke.DirectMethodHandle$Holder.newInvokeSpecial(java.lang.Object, java.lang.Object, int)'> (0x00000000cc1eac88) 
thrown [s\src\hotspot\share\interpreter\linkResolver.cpp, line 784]
Event: 3.955 Thread 0x00000212e3d0dfe0 Exception <a 'java/lang/NoSuchMethodError'{0x00000000cbe3c9a0}: 'java.lang.Object java.lang.invoke.DirectMethodHandle$Holder.newInvokeSpecial(java.lang.Object, java.lang.Object, java.lang.Object, int)'> (0x00000000cbe3c9a0) 
thrown [s\src\hotspot\share\interpreter\linkResolver.cpp, line 784]
Event: 3.955 Thread 0x00000212e3d0dfe0 Exception <a 'java/lang/NoSuchMethodError'{0x00000000cbe40b20}: 'java.lang.Object java.lang.invoke.DirectMethodHandle$Holder.invokeSpecial(java.lang.Object, java.lang.Object, java.lang.Object, java.lang.Object, int)'> (0x00000000cbe40b20) 
thrown [s\src\hotspot\share\interpreter\linkResolver.cpp, line 784]
Event: 3.956 Thread 0x00000212e3d0dfe0 Exception <a 'java/lang/NoSuchMethodError'{0x00000000cbe44268}: 'java.lang.Object java.lang.invoke.Invokers$Holder.linkToTargetMethod(java.lang.Object, java.lang.Object, int, java.lang.Object)'> (0x00000000cbe44268) 
thrown [s\src\hotspot\share\interpreter\linkResolver.cpp, line 784]
Event: 4.669 Thread 0x00000212e3d0dfe0 Exception <a 'java/lang/NoSuchMethodError'{0x00000000cd889c80}: 'java.lang.Object java.lang.invoke.DirectMethodHandle$Holder.invokeSpecial(java.lang.Object, java.lang.Object, java.lang.Object, java.lang.Object, java.lang.Object, java.lang.Object, int)'> (0x00000000cd889c80) 
thrown [s\src\hotspot\share\interpreter\linkResolver.cpp, line 784]
Event: 4.831 Thread 0x00000212e3d0dfe0 Exception <a 'java/lang/NoSuchMethodError'{0x00000000ccf0fe10}: 'java.lang.Object java.lang.invoke.DirectMethodHandle$Holder.newInvokeSpecial(java.lang.Object, int, java.lang.Object)'> (0x00000000ccf0fe10) 
thrown [s\src\hotspot\share\interpreter\linkResolver.cpp, line 784]
Event: 4.832 Thread 0x00000212e3d0dfe0 Exception <a 'java/lang/NoSuchMethodError'{0x00000000ccf15e40}: 'int java.lang.invoke.DirectMethodHandle$Holder.invokeInterface(java.lang.Object, java.lang.Object)'> (0x00000000ccf15e40) 
thrown [s\src\hotspot\share\interpreter\linkResolver.cpp, line 784]

ZGC Phase Switch (0 events):
No events

VM Operations (20 events):
Event: 4.498 Executing VM operation: HandshakeAllThreads (Deoptimize) done
Event: 4.550 Executing VM operation: G1CollectForAllocation (G1 Evacuation Pause)
Event: 4.561 Executing VM operation: G1CollectForAllocation (G1 Evacuation Pause) done
Event: 4.602 Executing VM operation: G1CollectForAllocation (G1 Evacuation Pause)
Event: 4.607 Executing VM operation: G1CollectForAllocation (G1 Evacuation Pause) done
Event: 4.626 Executing VM operation: G1PauseRemark
Event: 4.630 Executing VM operation: G1PauseRemark done
Event: 4.637 Executing VM operation: G1PauseCleanup
Event: 4.637 Executing VM operation: G1PauseCleanup done
Event: 4.908 Executing VM operation: HandshakeAllThreads (Deoptimize)
Event: 4.908 Executing VM operation: HandshakeAllThreads (Deoptimize) done
Event: 4.911 Executing VM operation: HandshakeAllThreads (Deoptimize)
Event: 4.911 Executing VM operation: HandshakeAllThreads (Deoptimize) done
Event: 4.927 Executing VM operation: G1CollectForAllocation (G1 Evacuation Pause)
Event: 4.931 Executing VM operation: G1CollectForAllocation (G1 Evacuation Pause) done
Event: 5.107 Executing VM operation: ICBufferFull
Event: 5.108 Executing VM operation: ICBufferFull done
Event: 5.201 Executing VM operation: ICBufferFull
Event: 5.201 Executing VM operation: ICBufferFull done
Event: 5.281 Executing VM operation: G1CollectForAllocation (G1 Evacuation Pause)

Memory protections (0 events):
No events

Nmethod flushes (20 events):
Event: 4.630 Thread 0x00000212fc35d9d0 flushing  nmethod 0x00000212e95b8c10
Event: 4.630 Thread 0x00000212fc35d9d0 flushing  nmethod 0x00000212e95b9890
Event: 4.630 Thread 0x00000212fc35d9d0 flushing  nmethod 0x00000212e95bba10
Event: 4.630 Thread 0x00000212fc35d9d0 flushing  nmethod 0x00000212e95c1e10
Event: 4.630 Thread 0x00000212fc35d9d0 flushing  nmethod 0x00000212e95c2690
Event: 4.630 Thread 0x00000212fc35d9d0 flushing  nmethod 0x00000212e95c2c90
Event: 4.630 Thread 0x00000212fc35d9d0 flushing  nmethod 0x00000212e95c3310
Event: 4.630 Thread 0x00000212fc35d9d0 flushing  nmethod 0x00000212e95c3910
Event: 4.630 Thread 0x00000212fc35d9d0 flushing  nmethod 0x00000212e95c4190
Event: 4.630 Thread 0x00000212fc35d9d0 flushing  nmethod 0x00000212e95c5090
Event: 4.630 Thread 0x00000212fc35d9d0 flushing  nmethod 0x00000212e95c5b90
Event: 4.630 Thread 0x00000212fc35d9d0 flushing  nmethod 0x00000212e95c6390
Event: 4.630 Thread 0x00000212fc35d9d0 flushing  nmethod 0x00000212e95db690
Event: 4.630 Thread 0x00000212fc35d9d0 flushing  nmethod 0x00000212e95dbd90
Event: 4.630 Thread 0x00000212fc35d9d0 flushing  nmethod 0x00000212e95dc190
Event: 4.630 Thread 0x00000212fc35d9d0 flushing  nmethod 0x00000212e95dc910
Event: 4.630 Thread 0x00000212fc35d9d0 flushing  nmethod 0x00000212e95dd090
Event: 4.630 Thread 0x00000212fc35d9d0 flushing  nmethod 0x00000212e95df010
Event: 4.630 Thread 0x00000212fc35d9d0 flushing  nmethod 0x00000212e95e1410
Event: 4.630 Thread 0x00000212fc35d9d0 flushing  nmethod 0x00000212e9613a10

Events (15 events):
Event: 0.022 Thread 0x00000212e3d0dfe0 Thread added: 0x00000212e3d0dfe0
Event: 0.073 Thread 0x00000212e3d0dfe0 Thread added: 0x00000212fc60fa90
Event: 0.074 Thread 0x00000212e3d0dfe0 Thread added: 0x00000212fc6104f0
Event: 0.075 Thread 0x00000212e3d0dfe0 Thread added: 0x00000212fc618f40
Event: 0.075 Thread 0x00000212e3d0dfe0 Thread added: 0x00000212fc6199a0
Event: 0.075 Thread 0x00000212e3d0dfe0 Thread added: 0x00000212fc5fc310
Event: 0.075 Thread 0x00000212e3d0dfe0 Thread added: 0x00000212fc5fe8f0
Event: 0.075 Thread 0x00000212e3d0dfe0 Thread added: 0x00000212fc61be10
Event: 0.075 Thread 0x00000212e3d0dfe0 Thread added: 0x00000212fc627b50
Event: 0.129 Thread 0x00000212e3d0dfe0 Thread added: 0x00000212fc7ee170
Event: 0.135 Thread 0x00000212e3d0dfe0 Thread added: 0x00000212fc7f89c0
Event: 0.144 Loaded shared library C:\Program Files\Android\Android Studio1\jbr\bin\net.dll
Event: 0.147 Loaded shared library C:\Program Files\Android\Android Studio1\jbr\bin\nio.dll
Event: 0.179 Loaded shared library C:\Program Files\Android\Android Studio1\jbr\bin\zip.dll
Event: 0.226 Loaded shared library C:\Program Files\Android\Android Studio1\jbr\bin\jimage.dll


Dynamic libraries:
0x00007ff7b62b0000 - 0x00007ff7b62ba000 	C:\Program Files\Android\Android Studio1\jbr\bin\java.exe
0x00007ff8ddd20000 - 0x00007ff8ddf83000 	C:\WINDOWS\SYSTEM32\ntdll.dll
0x00007ff8dc340000 - 0x00007ff8dc407000 	C:\WINDOWS\System32\KERNEL32.DLL
0x00007ff8db790000 - 0x00007ff8dbb57000 	C:\WINDOWS\System32\KERNELBASE.dll
0x00007ff8db170000 - 0x00007ff8db2bc000 	C:\WINDOWS\System32\ucrtbase.dll
0x00007ff877980000 - 0x00007ff87799b000 	C:\Program Files\Android\Android Studio1\jbr\bin\VCRUNTIME140.dll
0x00007ff8d7140000 - 0x00007ff8d7158000 	C:\Program Files\Android\Android Studio1\jbr\bin\jli.dll
0x00007ff8dc9f0000 - 0x00007ff8dcbb9000 	C:\WINDOWS\System32\USER32.dll
0x00007ff8da1a0000 - 0x00007ff8da430000 	C:\WINDOWS\WinSxS\amd64_microsoft.windows.common-controls_6595b64144ccf1df_6.0.26100.3037_none_3e09262ce333c378\COMCTL32.dll
0x00007ff8db570000 - 0x00007ff8db597000 	C:\WINDOWS\System32\win32u.dll
0x00007ff8dc740000 - 0x00007ff8dc7e9000 	C:\WINDOWS\System32\msvcrt.dll
0x00007ff8dd3c0000 - 0x00007ff8dd3ea000 	C:\WINDOWS\System32\GDI32.dll
0x00007ff8db5a0000 - 0x00007ff8db6cb000 	C:\WINDOWS\System32\gdi32full.dll
0x00007ff8db0c0000 - 0x00007ff8db163000 	C:\WINDOWS\System32\msvcp_win.dll
0x00007ff8dc610000 - 0x00007ff8dc63f000 	C:\WINDOWS\System32\IMM32.DLL
0x00007ff8a55a0000 - 0x00007ff8a55ac000 	C:\Program Files\Android\Android Studio1\jbr\bin\vcruntime140_1.dll
0x00007ff8b4050000 - 0x00007ff8b40dd000 	C:\Program Files\Android\Android Studio1\jbr\bin\msvcp140.dll
0x00007ff8768b0000 - 0x00007ff877533000 	C:\Program Files\Android\Android Studio1\jbr\bin\server\jvm.dll
0x00007ff8dd300000 - 0x00007ff8dd3b4000 	C:\WINDOWS\System32\ADVAPI32.dll
0x00007ff8dc560000 - 0x00007ff8dc606000 	C:\WINDOWS\System32\sechost.dll
0x00007ff8dc1a0000 - 0x00007ff8dc2b6000 	C:\WINDOWS\System32\RPCRT4.dll
0x00007ff8dc4e0000 - 0x00007ff8dc554000 	C:\WINDOWS\System32\WS2_32.dll
0x00007ff8daf50000 - 0x00007ff8daf9e000 	C:\WINDOWS\SYSTEM32\POWRPROF.dll
0x00007ff8d06a0000 - 0x00007ff8d06d6000 	C:\WINDOWS\SYSTEM32\WINMM.dll
0x00007ff8d4380000 - 0x00007ff8d438b000 	C:\WINDOWS\SYSTEM32\VERSION.dll
0x00007ff8daf30000 - 0x00007ff8daf44000 	C:\WINDOWS\SYSTEM32\UMPDC.dll
0x00007ff8d9600000 - 0x00007ff8d961a000 	C:\WINDOWS\SYSTEM32\kernel.appcore.dll
0x00007ff87ff40000 - 0x00007ff87ff4a000 	C:\Program Files\Android\Android Studio1\jbr\bin\jimage.dll
0x00007ff8da880000 - 0x00007ff8daac1000 	C:\WINDOWS\SYSTEM32\DBGHELP.DLL
0x00007ff8dbc40000 - 0x00007ff8dbfbe000 	C:\WINDOWS\System32\combase.dll
0x00007ff8dbb60000 - 0x00007ff8dbc36000 	C:\WINDOWS\System32\OLEAUT32.dll
0x00007ff8778d0000 - 0x00007ff877909000 	C:\WINDOWS\SYSTEM32\dbgcore.DLL
0x00007ff8db4d0000 - 0x00007ff8db569000 	C:\WINDOWS\System32\bcryptPrimitives.dll
0x00007ff877960000 - 0x00007ff877980000 	C:\Program Files\Android\Android Studio1\jbr\bin\java.dll
0x00007ff8775e0000 - 0x00007ff8775f8000 	C:\Program Files\Android\Android Studio1\jbr\bin\zip.dll
0x00007ff8dcbe0000 - 0x00007ff8dd2e4000 	C:\WINDOWS\System32\SHELL32.dll
0x00007ff8d83b0000 - 0x00007ff8d8be7000 	C:\WINDOWS\SYSTEM32\windows.storage.dll
0x00007ff8dc650000 - 0x00007ff8dc739000 	C:\WINDOWS\System32\SHCORE.dll
0x00007ff8dc990000 - 0x00007ff8dc9ed000 	C:\WINDOWS\System32\shlwapi.dll
0x00007ff8dafd0000 - 0x00007ff8daffe000 	C:\WINDOWS\SYSTEM32\profapi.dll
0x00007ff877950000 - 0x00007ff877960000 	C:\Program Files\Android\Android Studio1\jbr\bin\net.dll
0x00007ff8d49f0000 - 0x00007ff8d4b0e000 	C:\WINDOWS\SYSTEM32\WINHTTP.dll
0x00007ff8d9af0000 - 0x00007ff8d9b58000 	C:\WINDOWS\system32\mswsock.dll
0x00007ff876460000 - 0x00007ff876476000 	C:\Program Files\Android\Android Studio1\jbr\bin\nio.dll
0x00007ff8d5d90000 - 0x00007ff8d5da0000 	C:\Program Files\Android\Android Studio1\jbr\bin\verify.dll

dbghelp: loaded successfully - version: 4.0.5 - missing functions: none
symbol engine: initialized successfully - sym options: 0x614 - pdb path: .;C:\Program Files\Android\Android Studio1\jbr\bin;C:\WINDOWS\SYSTEM32;C:\WINDOWS\WinSxS\amd64_microsoft.windows.common-controls_6595b64144ccf1df_6.0.26100.3037_none_3e09262ce333c378;C:\Program Files\Android\Android Studio1\jbr\bin\server

VM Arguments:
java_command: org.jetbrains.kotlin.cli.jvm.K2JVMCompiler @C:\Users\malav\AndroidStudioProjects\NewsApp\app\build\20250202_15961392496041748321.compiler.options
java_class_path (initial): C:\Users\malav\.gradle\caches\modules-2\files-2.1\org.jetbrains.kotlin\kotlin-compiler-embeddable\1.9.24\78dab849090e6c5e2eadb6e59a11cdc28fb67a08\kotlin-compiler-embeddable-1.9.24.jar;C:\Users\malav\.gradle\caches\modules-2\files-2.1\org.jetbrains.kotlin\kotlin-stdlib\1.9.24\9928532f12c66ad816a625b3f9984f8368ca6d2b\kotlin-stdlib-1.9.24.jar;C:\Users\malav\.gradle\caches\modules-2\files-2.1\org.jetbrains.kotlin\kotlin-script-runtime\1.9.24\96771497da90fbc5af1c90fce148db2595a62502\kotlin-script-runtime-1.9.24.jar;C:\Users\malav\.gradle\caches\modules-2\files-2.1\org.jetbrains.kotlin\kotlin-reflect\1.6.10\1cbe9c92c12a94eea200d23c2bbaedaf3daf5132\kotlin-reflect-1.6.10.jar;C:\Users\malav\.gradle\caches\modules-2\files-2.1\org.jetbrains.kotlin\kotlin-daemon-embeddable\1.9.24\86685b9c5e8d170925bd9ddbdc263374a6a73281\kotlin-daemon-embeddable-1.9.24.jar;C:\Users\malav\.gradle\caches\modules-2\files-2.1\org.jetbrains.intellij.deps\trove4j\1.0.20200330\3afb14d5f9ceb459d724e907a21145e8ff394f02\trove4j-1.0.20200330.jar;C:\Users\malav\.gradle\caches\modules-2\files-2.1\org.jetbrains\annotations\13.0\919f0dfe192fb4e063e7dacadee7f8bb9a2672a9\annotations-13.0.jar
Launcher Type: SUN_STANDARD

[Global flags]
     intx CICompilerCount                          = 4                                         {product} {ergonomic}
     uint ConcGCThreads                            = 3                                         {product} {ergonomic}
     uint G1ConcRefinementThreads                  = 10                                        {product} {ergonomic}
   size_t G1HeapRegionSize                         = 1048576                                   {product} {ergonomic}
    uintx GCDrainStackTargetSize                   = 64                                        {product} {ergonomic}
   size_t InitialHeapSize                          = 56623104                                  {product} {ergonomic}
   size_t MarkStackSize                            = 4194304                                   {product} {ergonomic}
   size_t MaxHeapSize                              = 903872512                                 {product} {ergonomic}
   size_t MaxNewSize                               = 542113792                                 {product} {ergonomic}
   size_t MinHeapDeltaBytes                        = 1048576                                   {product} {ergonomic}
   size_t MinHeapSize                              = 8388608                                   {product} {ergonomic}
    uintx NonNMethodCodeHeapSize                   = 5839372                                {pd product} {ergonomic}
    uintx NonProfiledCodeHeapSize                  = 122909434                              {pd product} {ergonomic}
    uintx ProfiledCodeHeapSize                     = 122909434                              {pd product} {ergonomic}
    uintx ReservedCodeCacheSize                    = 251658240                              {pd product} {ergonomic}
     bool SegmentedCodeCache                       = true                                      {product} {ergonomic}
   size_t SoftMaxHeapSize                          = 903872512                              {manageable} {ergonomic}
     bool UseCompressedOops                        = true                           {product lp64_product} {ergonomic}
     bool UseG1GC                                  = true                                      {product} {ergonomic}
     bool UseLargePagesIndividualAllocation        = false                                  {pd product} {ergonomic}

Logging:
Log output configuration:
 #0: stdout all=warning uptime,level,tags foldmultilines=false
 #1: stderr all=off uptime,level,tags foldmultilines=false

Environment Variables:
JAVA_HOME=C:\Program Files\Java\jdk-17\jdk-17.0.12
PATH=C:\Program Files\Common Files\Oracle\Java\javapath;C:\windows\system32;C:\windows;C:\windows\System32\Wbem;C:\windows\System32\WindowsPowerShell\v1.0\;C:\windows\System32\OpenSSH\;C:\Program Files (x86)\NVIDIA Corporation\PhysX\Common;C:\Program Files\NVIDIA Corporation\NVIDIA NvDLISR;C:\WINDOWS\system32;C:\WINDOWS;C:\WINDOWS\System32\Wbem;C:\WINDOWS\System32\WindowsPowerShell\v1.0\;C:\WINDOWS\System32\OpenSSH\;C:\Program Files\dotnet\;C:\Program Files\Git\cmd;C:\Program Files\Git\bin;C:\src\flutter\bin;C:\Users\malav\AppData\Local\Programs\Python\Python39\Scripts\;C:\Users\malav\AppData\Local\Programs\Python\Python39\;C:\Users\malav\AppData\Local\Microsoft\WindowsApps;
USERNAME=malav
OS=Windows_NT
PROCESSOR_IDENTIFIER=AMD64 Family 23 Model 96 Stepping 1, AuthenticAMD
TMP=C:\Users\malav\AppData\Local\Temp
TEMP=C:\Users\malav\AppData\Local\Temp




Periodic native trim disabled

JNI global refs:
JNI global refs: 10, weak refs: 51

JNI global refs memory usage: 835, weak refs: 833

Process memory usage:
Resident Set Size: 201232K (5% of 3525940K total physical memory with 102736K free physical memory)

OOME stack traces (most recent first):
Classloader memory used:
Loader jdk.internal.loader.ClassLoaders$AppClassLoader                                 : 36722K
Loader bootstrap                                                                       : 12507K
Loader java.net.URLClassLoader                                                         : 202K
Loader jdk.internal.loader.ClassLoaders$PlatformClassLoader                            : 19376B

---------------  S Y S T E M  ---------------

OS:
 Windows 11 , 64 bit Build 26100 (10.0.26100.3037)
OS uptime: 0 days 7:51 hours

CPU: total 12 (initial active 12) (12 cores per cpu, 2 threads per core) family 23 model 96 stepping 1 microcode 0x8600106, cx8, cmov, fxsr, ht, mmx, 3dnowpref, sse, sse2, sse3, ssse3, sse4a, sse4.1, sse4.2, popcnt, lzcnt, tsc, tscinvbit, avx, avx2, aes, clmul, bmi1, bmi2, adx, sha, fma, vzeroupper, clflush, clflushopt, rdtscp, rdpid, f16c
Processor Information for processor 0
  Max Mhz: 3000, Current Mhz: 3000, Mhz Limit: 3000
Processor Information for processor 1
  Max Mhz: 3000, Current Mhz: 3000, Mhz Limit: 3000
Processor Information for processor 2
  Max Mhz: 3000, Current Mhz: 3000, Mhz Limit: 3000
Processor Information for processor 3
  Max Mhz: 3000, Current Mhz: 3000, Mhz Limit: 3000
Processor Information for processor 4
  Max Mhz: 3000, Current Mhz: 3000, Mhz Limit: 3000
Processor Information for processor 5
  Max Mhz: 3000, Current Mhz: 3000, Mhz Limit: 3000
Processor Information for processor 6
  Max Mhz: 3000, Current Mhz: 1400, Mhz Limit: 3000
Processor Information for processor 7
  Max Mhz: 3000, Current Mhz: 1400, Mhz Limit: 3000
Processor Information for processor 8
  Max Mhz: 3000, Current Mhz: 1400, Mhz Limit: 3000
Processor Information for processor 9
  Max Mhz: 3000, Current Mhz: 1400, Mhz Limit: 3000
Processor Information for processor 10
  Max Mhz: 3000, Current Mhz: 1400, Mhz Limit: 3000
Processor Information for processor 11
  Max Mhz: 3000, Current Mhz: 1400, Mhz Limit: 3000

Memory: 4k page, system-wide physical 3443M (104M free)
TotalPageFile size 14195M (AvailPageFile size 14M)
current process WorkingSet (physical memory assigned to process): 196M, peak: 199M
current process commit charge ("private bytes"): 234M, peak: 251M

vm_info: OpenJDK 64-Bit Server VM (21.0.4+-12508038-b607.1) for windows-amd64 JRE (21.0.4+-12508038-b607.1), built on 2024-10-16T17:23:34Z by "builder" with MS VC++ 16.10 / 16.11 (VS2019)

END.
